build/app/outputs/mapping/release/mapping.txt
# compiler: R8
# compiler_version: 1.5.64
# min_api: 16
# pg_map_id: 8d41e77
...
com.google.android.gms.internal.measurement.zzes -> b.b.a.a.e.f.z3:
    int zza(java.util.Map$Entry) -> a
    com.google.android.gms.internal.measurement.zzeu zza(java.lang.Object) -> a
    java.lang.Object zza(com.google.android.gms.internal.measurement.zzer,com.google.android.gms.internal.measurement.zzgm,int) -> a
    void zza(com.google.android.gms.internal.measurement.zziq,java.util.Map$Entry) -> a
    boolean zza(com.google.android.gms.internal.measurement.zzgm) -> a
    com.google.android.gms.internal.measurement.zzeu zzb(java.lang.Object) -> b
    void zzc(java.lang.Object) -> c
com.google.android.gms.internal.measurement.zzet -> b.b.a.a.e.f.a4:
    int zza(java.util.Map$Entry) -> a
    com.google.android.gms.internal.measurement.zzeu zza(java.lang.Object) -> a
    java.lang.Object zza(com.google.android.gms.internal.measurement.zzer,com.google.android.gms.internal.measurement.zzgm,int) -> a
    void zza(com.google.android.gms.internal.measurement.zziq,java.util.Map$Entry) -> a
    boolean zza(com.google.android.gms.internal.measurement.zzgm) -> a
    com.google.android.gms.internal.measurement.zzeu zzb(java.lang.Object) -> b
    void zzc(java.lang.Object) -> c
com.google.android.gms.internal.measurement.zzeu -> b.b.a.a.e.f.b4:
    com.google.android.gms.internal.measurement.zzhg zza -> a
    com.google.android.gms.internal.measurement.zzeu zzd -> d
    boolean zzb -> b
    boolean zzc -> c
    int zza(com.google.android.gms.internal.measurement.zzew,java.lang.Object) -> a
    void zza(com.google.android.gms.internal.measurement.zzeu) -> a
    boolean zza(java.util.Map$Entry) -> a
    void zzb() -> a
    void zzb(com.google.android.gms.internal.measurement.zzew,java.lang.Object) -> b
    void zzb(java.util.Map$Entry) -> b
    boolean zzc() -> b
    int zzc(java.util.Map$Entry) -> c
    java.util.Iterator zzd() -> c
    java.util.Iterator zze() -> d
    boolean zzf() -> e
    int zzg() -> f
    com.google.android.gms.internal.measurement.zzeu zza() -> g
com.google.android.gms.internal.measurement.zzev -> b.b.a.a.e.f.c4:
    com.google.android.gms.internal.measurement.zzet zzb -> b
    com.google.android.gms.internal.measurement.zzet zza -> a
    com.google.android.gms.internal.measurement.zzet zza() -> a
    com.google.android.gms.internal.measurement.zzet zzb() -> b
    com.google.android.gms.internal.measurement.zzet zzc() -> c
com.google.android.gms.internal.measurement.zzew -> b.b.a.a.e.f.d4:
    com.google.android.gms.internal.measurement.zzik zzb() -> g
    boolean zzd() -> h
    com.google.android.gms.internal.measurement.zzir zzc() -> i
com.google.android.gms.internal.measurement.zzey -> b.b.a.a.e.f.e4:
    int[] zzb -> b
    int[] zza -> a